2023-03-03 18:49:24.785  INFO 6992 --- [main] c.s.itacademy.ToDoListApplication        : Starting ToDoListApplication on DESKTOP-S80VOHV with PID 6992 (C:\Java\project\To-Do-List\target\classes started by Snipe in C:\Java\project\To-Do-List)
2023-03-03 18:49:24.791  INFO 6992 --- [main] c.s.itacademy.ToDoListApplication        : No active profile set, falling back to default profiles: default
2023-03-03 18:49:33.513  INFO 6992 --- [main] .s.d.r.c.RepositoryConfigurationDelegate : Bootstrapping Spring Data JPA repositories in DEFERRED mode.
2023-03-03 18:49:34.694  INFO 6992 --- [main] .s.d.r.c.RepositoryConfigurationDelegate : Finished Spring Data repository scanning in 1161ms. Found 5 JPA repository interfaces.
2023-03-03 18:49:36.631  INFO 6992 --- [main] trationDelegate$BeanPostProcessorChecker : Bean 'org.springframework.security.access.expression.method.DefaultMethodSecurityExpressionHandler@33956d1a' of type [org.springframework.security.access.expression.method.DefaultMethodSecurityExpressionHandler] is not eligible for getting processed by all BeanPostProcessors (for example: not eligible for auto-proxying)
2023-03-03 18:49:36.700  INFO 6992 --- [main] trationDelegate$BeanPostProcessorChecker : Bean 'methodSecurityMetadataSource' of type [org.springframework.security.access.method.DelegatingMethodSecurityMetadataSource] is not eligible for getting processed by all BeanPostProcessors (for example: not eligible for auto-proxying)
2023-03-03 18:49:38.358  INFO 6992 --- [main] o.s.b.w.embedded.tomcat.TomcatWebServer  : Tomcat initialized with port(s): 9090 (http)
2023-03-03 18:49:38.406  INFO 6992 --- [main] o.apache.catalina.core.StandardService   : Starting service [Tomcat]
2023-03-03 18:49:38.408  INFO 6992 --- [main] org.apache.catalina.core.StandardEngine  : Starting Servlet engine: [Apache Tomcat/9.0.37]
2023-03-03 18:49:39.192  INFO 6992 --- [main] o.a.c.c.C.[Tomcat].[localhost].[/]       : Initializing Spring embedded WebApplicationContext
2023-03-03 18:49:39.210  INFO 6992 --- [main] w.s.c.ServletWebServerApplicationContext : Root WebApplicationContext: initialization completed in 12523 ms
2023-03-03 18:49:39.379  INFO 6992 --- [main] o.s.aop.framework.CglibAopProxy          : Unable to proxy interface-implementing method [public final void org.springframework.web.filter.GenericFilterBean.init(javax.servlet.FilterConfig) throws javax.servlet.ServletException] because it is marked as final: Consider using interface-based JDK proxies instead!
2023-03-03 18:49:39.856  WARN 6992 --- [main] JpaBaseConfiguration$JpaWebConfiguration : spring.jpa.open-in-view is enabled by default. Therefore, database queries may be performed during view rendering. Explicitly configure spring.jpa.open-in-view to disable this warning
2023-03-03 18:49:40.386  INFO 6992 --- [main] o.s.s.concurrent.ThreadPoolTaskExecutor  : Initializing ExecutorService 'applicationTaskExecutor'
2023-03-03 18:49:40.485  INFO 6992 --- [task-1] o.hibernate.jpa.internal.util.LogHelper  : HHH000204: Processing PersistenceUnitInfo [name: default]
2023-03-03 18:49:40.597  INFO 6992 --- [task-1] org.hibernate.Version                    : HHH000412: Hibernate ORM core version 5.4.20.Final
2023-03-03 18:49:41.095  INFO 6992 --- [task-1] o.hibernate.annotations.common.Version   : HCANN000001: Hibernate Commons Annotations {5.1.0.Final}
2023-03-03 18:49:41.192  WARN 6992 --- [main] ConfigServletWebServerApplicationContext : Exception encountered during context initialization - cancelling refresh attempt: org.springframework.beans.factory.BeanCreationException: Error creating bean with name 'springSecurityFilterChain' defined in class path resource [org/springframework/security/config/annotation/web/configuration/WebSecurityConfiguration.class]: Bean instantiation via factory method failed; nested exception is org.springframework.beans.BeanInstantiationException: Failed to instantiate [javax.servlet.Filter]: Factory method 'springSecurityFilterChain' threw exception; nested exception is org.springframework.cglib.core.CodeGenerationException: java.lang.IllegalAccessException-->module java.base does not open java.lang to unnamed module @47af7f3d
2023-03-03 18:49:41.193  INFO 6992 --- [main] j.LocalContainerEntityManagerFactoryBean : Closing JPA EntityManagerFactory for persistence unit 'default'
2023-03-03 18:49:41.294  INFO 6992 --- [task-1] com.zaxxer.hikari.HikariDataSource       : HikariPool-1 - Starting...
2023-03-03 18:49:42.391 ERROR 6992 --- [task-1] com.zaxxer.hikari.pool.HikariPool        : HikariPool-1 - Exception during pool initialization.

org.postgresql.util.PSQLException: Connection to localhost:5432 refused. Check that the hostname and port are correct and that the postmaster is accepting TCP/IP connections.
	at org.postgresql.core.v3.ConnectionFactoryImpl.openConnectionImpl(ConnectionFactoryImpl.java:285) ~[postgresql-42.2.14.jar:42.2.14]
	at org.postgresql.core.ConnectionFactory.openConnection(ConnectionFactory.java:49) ~[postgresql-42.2.14.jar:42.2.14]
	at org.postgresql.jdbc.PgConnection.<init>(PgConnection.java:217) ~[postgresql-42.2.14.jar:42.2.14]
	at org.postgresql.Driver.makeConnection(Driver.java:458) ~[postgresql-42.2.14.jar:42.2.14]
	at org.postgresql.Driver.connect(Driver.java:260) ~[postgresql-42.2.14.jar:42.2.14]
	at com.zaxxer.hikari.util.DriverDataSource.getConnection(DriverDataSource.java:138) ~[HikariCP-3.4.5.jar:na]
	at com.zaxxer.hikari.pool.PoolBase.newConnection(PoolBase.java:358) ~[HikariCP-3.4.5.jar:na]
	at com.zaxxer.hikari.pool.PoolBase.newPoolEntry(PoolBase.java:206) ~[HikariCP-3.4.5.jar:na]
	at com.zaxxer.hikari.pool.HikariPool.createPoolEntry(HikariPool.java:477) ~[HikariCP-3.4.5.jar:na]
	at com.zaxxer.hikari.pool.HikariPool.checkFailFast(HikariPool.java:560) ~[HikariCP-3.4.5.jar:na]
	at com.zaxxer.hikari.pool.HikariPool.<init>(HikariPool.java:115) ~[HikariCP-3.4.5.jar:na]
	at com.zaxxer.hikari.HikariDataSource.getConnection(HikariDataSource.java:112) ~[HikariCP-3.4.5.jar:na]
	at org.hibernate.engine.jdbc.connections.internal.DatasourceConnectionProviderImpl.getConnection(DatasourceConnectionProviderImpl.java:122) ~[hibernate-core-5.4.20.Final.jar:5.4.20.Final]
	at org.hibernate.engine.jdbc.env.internal.JdbcEnvironmentInitiator$ConnectionProviderJdbcConnectionAccess.obtainConnection(JdbcEnvironmentInitiator.java:180) ~[hibernate-core-5.4.20.Final.jar:5.4.20.Final]
	at org.hibernate.engine.jdbc.env.internal.JdbcEnvironmentInitiator.initiateService(JdbcEnvironmentInitiator.java:68) ~[hibernate-core-5.4.20.Final.jar:5.4.20.Final]
	at org.hibernate.engine.jdbc.env.internal.JdbcEnvironmentInitiator.initiateService(JdbcEnvironmentInitiator.java:35) ~[hibernate-core-5.4.20.Final.jar:5.4.20.Final]
	at org.hibernate.boot.registry.internal.StandardServiceRegistryImpl.initiateService(StandardServiceRegistryImpl.java:101) ~[hibernate-core-5.4.20.Final.jar:5.4.20.Final]
	at org.hibernate.service.internal.AbstractServiceRegistryImpl.createService(AbstractServiceRegistryImpl.java:263) ~[hibernate-core-5.4.20.Final.jar:5.4.20.Final]
	at org.hibernate.service.internal.AbstractServiceRegistryImpl.initializeService(AbstractServiceRegistryImpl.java:237) ~[hibernate-core-5.4.20.Final.jar:5.4.20.Final]
	at org.hibernate.service.internal.AbstractServiceRegistryImpl.getService(AbstractServiceRegistryImpl.java:214) ~[hibernate-core-5.4.20.Final.jar:5.4.20.Final]
	at org.hibernate.id.factory.internal.DefaultIdentifierGeneratorFactory.injectServices(DefaultIdentifierGeneratorFactory.java:152) ~[hibernate-core-5.4.20.Final.jar:5.4.20.Final]
	at org.hibernate.service.internal.AbstractServiceRegistryImpl.injectDependencies(AbstractServiceRegistryImpl.java:286) ~[hibernate-core-5.4.20.Final.jar:5.4.20.Final]
	at org.hibernate.service.internal.AbstractServiceRegistryImpl.initializeService(AbstractServiceRegistryImpl.java:243) ~[hibernate-core-5.4.20.Final.jar:5.4.20.Final]
	at org.hibernate.service.internal.AbstractServiceRegistryImpl.getService(AbstractServiceRegistryImpl.java:214) ~[hibernate-core-5.4.20.Final.jar:5.4.20.Final]
	at org.hibernate.boot.internal.InFlightMetadataCollectorImpl.<init>(InFlightMetadataCollectorImpl.java:176) ~[hibernate-core-5.4.20.Final.jar:5.4.20.Final]
	at org.hibernate.boot.model.process.spi.MetadataBuildingProcess.complete(MetadataBuildingProcess.java:118) ~[hibernate-core-5.4.20.Final.jar:5.4.20.Final]
	at org.hibernate.jpa.boot.internal.EntityManagerFactoryBuilderImpl.metadata(EntityManagerFactoryBuilderImpl.java:1224) ~[hibernate-core-5.4.20.Final.jar:5.4.20.Final]
	at org.hibernate.jpa.boot.internal.EntityManagerFactoryBuilderImpl.build(EntityManagerFactoryBuilderImpl.java:1255) ~[hibernate-core-5.4.20.Final.jar:5.4.20.Final]
	at org.springframework.orm.jpa.vendor.SpringHibernateJpaPersistenceProvider.createContainerEntityManagerFactory(SpringHibernateJpaPersistenceProvider.java:58) ~[spring-orm-5.2.8.RELEASE.jar:5.2.8.RELEASE]
	at org.springframework.orm.jpa.LocalContainerEntityManagerFactoryBean.createNativeEntityManagerFactory(LocalContainerEntityManagerFactoryBean.java:365) ~[spring-orm-5.2.8.RELEASE.jar:5.2.8.RELEASE]
	at org.springframework.orm.jpa.AbstractEntityManagerFactoryBean.buildNativeEntityManagerFactory(AbstractEntityManagerFactoryBean.java:391) ~[spring-orm-5.2.8.RELEASE.jar:5.2.8.RELEASE]
	at java.base/java.util.concurrent.FutureTask.run(FutureTask.java:317) ~[na:na]
	at java.base/java.util.concurrent.ThreadPoolExecutor.runWorker(ThreadPoolExecutor.java:1144) ~[na:na]
	at java.base/java.util.concurrent.ThreadPoolExecutor$Worker.run(ThreadPoolExecutor.java:642) ~[na:na]
	at java.base/java.lang.Thread.run(Thread.java:1589) ~[na:na]
Caused by: java.net.ConnectException: Connection refused: no further information
	at java.base/sun.nio.ch.Net.pollConnect(Native Method) ~[na:na]
	at java.base/sun.nio.ch.Net.pollConnectNow(Net.java:672) ~[na:na]
	at java.base/sun.nio.ch.NioSocketImpl.timedFinishConnect(NioSocketImpl.java:535) ~[na:na]
	at java.base/sun.nio.ch.NioSocketImpl.connect(NioSocketImpl.java:585) ~[na:na]
	at java.base/java.net.SocksSocketImpl.connect(SocksSocketImpl.java:327) ~[na:na]
	at java.base/java.net.Socket.connect(Socket.java:666) ~[na:na]
	at org.postgresql.core.PGStream.<init>(PGStream.java:81) ~[postgresql-42.2.14.jar:42.2.14]
	at org.postgresql.core.v3.ConnectionFactoryImpl.tryConnect(ConnectionFactoryImpl.java:93) ~[postgresql-42.2.14.jar:42.2.14]
	at org.postgresql.core.v3.ConnectionFactoryImpl.openConnectionImpl(ConnectionFactoryImpl.java:197) ~[postgresql-42.2.14.jar:42.2.14]
	... 34 common frames omitted

2023-03-03 18:49:42.393  WARN 6992 --- [task-1] o.h.e.j.e.i.JdbcEnvironmentInitiator     : HHH000342: Could not obtain connection to query metadata : Connection to localhost:5432 refused. Check that the hostname and port are correct and that the postmaster is accepting TCP/IP connections.
2023-03-03 18:49:42.412  INFO 6992 --- [task-1] org.hibernate.dialect.Dialect            : HHH000400: Using dialect: org.hibernate.dialect.PostgreSQL95Dialect
2023-03-03 18:49:44.801  INFO 6992 --- [task-1] com.zaxxer.hikari.HikariDataSource       : HikariPool-1 - Starting...
2023-03-03 18:49:45.808 ERROR 6992 --- [task-1] com.zaxxer.hikari.pool.HikariPool        : HikariPool-1 - Exception during pool initialization.

org.postgresql.util.PSQLException: Connection to localhost:5432 refused. Check that the hostname and port are correct and that the postmaster is accepting TCP/IP connections.
	at org.postgresql.core.v3.ConnectionFactoryImpl.openConnectionImpl(ConnectionFactoryImpl.java:285) ~[postgresql-42.2.14.jar:42.2.14]
	at org.postgresql.core.ConnectionFactory.openConnection(ConnectionFactory.java:49) ~[postgresql-42.2.14.jar:42.2.14]
	at org.postgresql.jdbc.PgConnection.<init>(PgConnection.java:217) ~[postgresql-42.2.14.jar:42.2.14]
	at org.postgresql.Driver.makeConnection(Driver.java:458) ~[postgresql-42.2.14.jar:42.2.14]
	at org.postgresql.Driver.connect(Driver.java:260) ~[postgresql-42.2.14.jar:42.2.14]
	at com.zaxxer.hikari.util.DriverDataSource.getConnection(DriverDataSource.java:138) ~[HikariCP-3.4.5.jar:na]
	at com.zaxxer.hikari.pool.PoolBase.newConnection(PoolBase.java:358) ~[HikariCP-3.4.5.jar:na]
	at com.zaxxer.hikari.pool.PoolBase.newPoolEntry(PoolBase.java:206) ~[HikariCP-3.4.5.jar:na]
	at com.zaxxer.hikari.pool.HikariPool.createPoolEntry(HikariPool.java:477) ~[HikariCP-3.4.5.jar:na]
	at com.zaxxer.hikari.pool.HikariPool.checkFailFast(HikariPool.java:560) ~[HikariCP-3.4.5.jar:na]
	at com.zaxxer.hikari.pool.HikariPool.<init>(HikariPool.java:115) ~[HikariCP-3.4.5.jar:na]
	at com.zaxxer.hikari.HikariDataSource.getConnection(HikariDataSource.java:112) ~[HikariCP-3.4.5.jar:na]
	at org.hibernate.engine.jdbc.connections.internal.DatasourceConnectionProviderImpl.getConnection(DatasourceConnectionProviderImpl.java:122) ~[hibernate-core-5.4.20.Final.jar:5.4.20.Final]
	at org.hibernate.engine.jdbc.env.internal.JdbcEnvironmentInitiator$ConnectionProviderJdbcConnectionAccess.obtainConnection(JdbcEnvironmentInitiator.java:180) ~[hibernate-core-5.4.20.Final.jar:5.4.20.Final]
	at org.hibernate.resource.transaction.backend.jdbc.internal.DdlTransactionIsolatorNonJtaImpl.getIsolatedConnection(DdlTransactionIsolatorNonJtaImpl.java:43) ~[hibernate-core-5.4.20.Final.jar:5.4.20.Final]
	at org.hibernate.tool.schema.internal.exec.GenerationTargetToDatabase.jdbcStatement(GenerationTargetToDatabase.java:77) ~[hibernate-core-5.4.20.Final.jar:5.4.20.Final]
	at org.hibernate.tool.schema.internal.exec.GenerationTargetToDatabase.accept(GenerationTargetToDatabase.java:53) ~[hibernate-core-5.4.20.Final.jar:5.4.20.Final]
	at org.hibernate.tool.schema.internal.SchemaDropperImpl.applySqlString(SchemaDropperImpl.java:375) ~[hibernate-core-5.4.20.Final.jar:5.4.20.Final]
	at org.hibernate.tool.schema.internal.SchemaDropperImpl.applySqlStrings(SchemaDropperImpl.java:359) ~[hibernate-core-5.4.20.Final.jar:5.4.20.Final]
	at org.hibernate.tool.schema.internal.SchemaDropperImpl.applyConstraintDropping(SchemaDropperImpl.java:331) ~[hibernate-core-5.4.20.Final.jar:5.4.20.Final]
	at org.hibernate.tool.schema.internal.SchemaDropperImpl.dropFromMetadata(SchemaDropperImpl.java:230) ~[hibernate-core-5.4.20.Final.jar:5.4.20.Final]
	at org.hibernate.tool.schema.internal.SchemaDropperImpl.performDrop(SchemaDropperImpl.java:154) ~[hibernate-core-5.4.20.Final.jar:5.4.20.Final]
	at org.hibernate.tool.schema.internal.SchemaDropperImpl.doDrop(SchemaDropperImpl.java:126) ~[hibernate-core-5.4.20.Final.jar:5.4.20.Final]
	at org.hibernate.tool.schema.internal.SchemaDropperImpl.doDrop(SchemaDropperImpl.java:112) ~[hibernate-core-5.4.20.Final.jar:5.4.20.Final]
	at org.hibernate.tool.schema.spi.SchemaManagementToolCoordinator.performDatabaseAction(SchemaManagementToolCoordinator.java:145) ~[hibernate-core-5.4.20.Final.jar:5.4.20.Final]
	at org.hibernate.tool.schema.spi.SchemaManagementToolCoordinator.process(SchemaManagementToolCoordinator.java:73) ~[hibernate-core-5.4.20.Final.jar:5.4.20.Final]
	at org.hibernate.internal.SessionFactoryImpl.<init>(SessionFactoryImpl.java:316) ~[hibernate-core-5.4.20.Final.jar:5.4.20.Final]
	at org.hibernate.boot.internal.SessionFactoryBuilderImpl.build(SessionFactoryBuilderImpl.java:469) ~[hibernate-core-5.4.20.Final.jar:5.4.20.Final]
	at org.hibernate.jpa.boot.internal.EntityManagerFactoryBuilderImpl.build(EntityManagerFactoryBuilderImpl.java:1259) ~[hibernate-core-5.4.20.Final.jar:5.4.20.Final]
	at org.springframework.orm.jpa.vendor.SpringHibernateJpaPersistenceProvider.createContainerEntityManagerFactory(SpringHibernateJpaPersistenceProvider.java:58) ~[spring-orm-5.2.8.RELEASE.jar:5.2.8.RELEASE]
	at org.springframework.orm.jpa.LocalContainerEntityManagerFactoryBean.createNativeEntityManagerFactory(LocalContainerEntityManagerFactoryBean.java:365) ~[spring-orm-5.2.8.RELEASE.jar:5.2.8.RELEASE]
	at org.springframework.orm.jpa.AbstractEntityManagerFactoryBean.buildNativeEntityManagerFactory(AbstractEntityManagerFactoryBean.java:391) ~[spring-orm-5.2.8.RELEASE.jar:5.2.8.RELEASE]
	at java.base/java.util.concurrent.FutureTask.run(FutureTask.java:317) ~[na:na]
	at java.base/java.util.concurrent.ThreadPoolExecutor.runWorker(ThreadPoolExecutor.java:1144) ~[na:na]
	at java.base/java.util.concurrent.ThreadPoolExecutor$Worker.run(ThreadPoolExecutor.java:642) ~[na:na]
	at java.base/java.lang.Thread.run(Thread.java:1589) ~[na:na]
Caused by: java.net.ConnectException: Connection refused: no further information
	at java.base/sun.nio.ch.Net.pollConnect(Native Method) ~[na:na]
	at java.base/sun.nio.ch.Net.pollConnectNow(Net.java:672) ~[na:na]
	at java.base/sun.nio.ch.NioSocketImpl.timedFinishConnect(NioSocketImpl.java:535) ~[na:na]
	at java.base/sun.nio.ch.NioSocketImpl.connect(NioSocketImpl.java:585) ~[na:na]
	at java.base/java.net.SocksSocketImpl.connect(SocksSocketImpl.java:327) ~[na:na]
	at java.base/java.net.Socket.connect(Socket.java:666) ~[na:na]
	at org.postgresql.core.PGStream.<init>(PGStream.java:81) ~[postgresql-42.2.14.jar:42.2.14]
	at org.postgresql.core.v3.ConnectionFactoryImpl.tryConnect(ConnectionFactoryImpl.java:93) ~[postgresql-42.2.14.jar:42.2.14]
	at org.postgresql.core.v3.ConnectionFactoryImpl.openConnectionImpl(ConnectionFactoryImpl.java:197) ~[postgresql-42.2.14.jar:42.2.14]
	... 35 common frames omitted

2023-03-03 18:49:45.811  WARN 6992 --- [task-1] o.h.engine.jdbc.spi.SqlExceptionHelper   : SQL Error: 0, SQLState: 08001
2023-03-03 18:49:45.815 ERROR 6992 --- [task-1] o.h.engine.jdbc.spi.SqlExceptionHelper   : Connection to localhost:5432 refused. Check that the hostname and port are correct and that the postmaster is accepting TCP/IP connections.
2023-03-03 18:49:45.828  WARN 6992 --- [main] o.s.b.f.support.DisposableBeanAdapter    : Invocation of destroy method failed on bean with name 'entityManagerFactory': javax.persistence.PersistenceException: [PersistenceUnit: default] Unable to build Hibernate SessionFactory; nested exception is org.hibernate.exception.JDBCConnectionException: Unable to open JDBC Connection for DDL execution
2023-03-03 18:49:45.830  INFO 6992 --- [main] o.s.s.concurrent.ThreadPoolTaskExecutor  : Shutting down ExecutorService 'applicationTaskExecutor'
2023-03-03 18:49:45.838  INFO 6992 --- [main] o.apache.catalina.core.StandardService   : Stopping service [Tomcat]
2023-03-03 18:49:45.858  INFO 6992 --- [main] ConditionEvaluationReportLoggingListener : 

Error starting ApplicationContext. To display the conditions report re-run your application with 'debug' enabled.
2023-03-03 18:49:45.862 ERROR 6992 --- [main] o.s.boot.SpringApplication               : Application run failed

org.springframework.beans.factory.BeanCreationException: Error creating bean with name 'springSecurityFilterChain' defined in class path resource [org/springframework/security/config/annotation/web/configuration/WebSecurityConfiguration.class]: Bean instantiation via factory method failed; nested exception is org.springframework.beans.BeanInstantiationException: Failed to instantiate [javax.servlet.Filter]: Factory method 'springSecurityFilterChain' threw exception; nested exception is org.springframework.cglib.core.CodeGenerationException: java.lang.IllegalAccessException-->module java.base does not open java.lang to unnamed module @47af7f3d
	at org.springframework.beans.factory.support.ConstructorResolver.instantiate(ConstructorResolver.java:655) ~[spring-beans-5.2.8.RELEASE.jar:5.2.8.RELEASE]
	at org.springframework.beans.factory.support.ConstructorResolver.instantiateUsingFactoryMethod(ConstructorResolver.java:483) ~[spring-beans-5.2.8.RELEASE.jar:5.2.8.RELEASE]
	at org.springframework.beans.factory.support.AbstractAutowireCapableBeanFactory.instantiateUsingFactoryMethod(AbstractAutowireCapableBeanFactory.java:1336) ~[spring-beans-5.2.8.RELEASE.jar:5.2.8.RELEASE]
	at org.springframework.beans.factory.support.AbstractAutowireCapableBeanFactory.createBeanInstance(AbstractAutowireCapableBeanFactory.java:1176) ~[spring-beans-5.2.8.RELEASE.jar:5.2.8.RELEASE]
	at org.springframework.beans.factory.support.AbstractAutowireCapableBeanFactory.doCreateBean(AbstractAutowireCapableBeanFactory.java:556) ~[spring-beans-5.2.8.RELEASE.jar:5.2.8.RELEASE]
	at org.springframework.beans.factory.support.AbstractAutowireCapableBeanFactory.createBean(AbstractAutowireCapableBeanFactory.java:516) ~[spring-beans-5.2.8.RELEASE.jar:5.2.8.RELEASE]
	at org.springframework.beans.factory.support.AbstractBeanFactory.lambda$doGetBean$0(AbstractBeanFactory.java:324) ~[spring-beans-5.2.8.RELEASE.jar:5.2.8.RELEASE]
	at org.springframework.beans.factory.support.DefaultSingletonBeanRegistry.getSingleton(DefaultSingletonBeanRegistry.java:226) ~[spring-beans-5.2.8.RELEASE.jar:5.2.8.RELEASE]
	at org.springframework.beans.factory.support.AbstractBeanFactory.doGetBean(AbstractBeanFactory.java:322) ~[spring-beans-5.2.8.RELEASE.jar:5.2.8.RELEASE]
	at org.springframework.beans.factory.support.AbstractBeanFactory.getBean(AbstractBeanFactory.java:202) ~[spring-beans-5.2.8.RELEASE.jar:5.2.8.RELEASE]
	at org.springframework.beans.factory.support.AbstractBeanFactory.doGetBean(AbstractBeanFactory.java:311) ~[spring-beans-5.2.8.RELEASE.jar:5.2.8.RELEASE]
	at org.springframework.beans.factory.support.AbstractBeanFactory.getBean(AbstractBeanFactory.java:202) ~[spring-beans-5.2.8.RELEASE.jar:5.2.8.RELEASE]
	at org.springframework.beans.factory.support.DefaultListableBeanFactory.preInstantiateSingletons(DefaultListableBeanFactory.java:897) ~[spring-beans-5.2.8.RELEASE.jar:5.2.8.RELEASE]
	at org.springframework.context.support.AbstractApplicationContext.finishBeanFactoryInitialization(AbstractApplicationContext.java:879) ~[spring-context-5.2.8.RELEASE.jar:5.2.8.RELEASE]
	at org.springframework.context.support.AbstractApplicationContext.refresh(AbstractApplicationContext.java:551) ~[spring-context-5.2.8.RELEASE.jar:5.2.8.RELEASE]
	at org.springframework.boot.web.servlet.context.ServletWebServerApplicationContext.refresh(ServletWebServerApplicationContext.java:143) ~[spring-boot-2.3.3.RELEASE.jar:2.3.3.RELEASE]
	at org.springframework.boot.SpringApplication.refresh(SpringApplication.java:758) ~[spring-boot-2.3.3.RELEASE.jar:2.3.3.RELEASE]
	at org.springframework.boot.SpringApplication.refresh(SpringApplication.java:750) ~[spring-boot-2.3.3.RELEASE.jar:2.3.3.RELEASE]
	at org.springframework.boot.SpringApplication.refreshContext(SpringApplication.java:397) ~[spring-boot-2.3.3.RELEASE.jar:2.3.3.RELEASE]
	at org.springframework.boot.SpringApplication.run(SpringApplication.java:315) ~[spring-boot-2.3.3.RELEASE.jar:2.3.3.RELEASE]
	at org.springframework.boot.SpringApplication.run(SpringApplication.java:1237) ~[spring-boot-2.3.3.RELEASE.jar:2.3.3.RELEASE]
	at org.springframework.boot.SpringApplication.run(SpringApplication.java:1226) ~[spring-boot-2.3.3.RELEASE.jar:2.3.3.RELEASE]
	at com.softserve.itacademy.ToDoListApplication.main(ToDoListApplication.java:10) ~[classes/:na]
Caused by: org.springframework.beans.BeanInstantiationException: Failed to instantiate [javax.servlet.Filter]: Factory method 'springSecurityFilterChain' threw exception; nested exception is org.springframework.cglib.core.CodeGenerationException: java.lang.IllegalAccessException-->module java.base does not open java.lang to unnamed module @47af7f3d
	at org.springframework.beans.factory.support.SimpleInstantiationStrategy.instantiate(SimpleInstantiationStrategy.java:185) ~[spring-beans-5.2.8.RELEASE.jar:5.2.8.RELEASE]
	at org.springframework.beans.factory.support.ConstructorResolver.instantiate(ConstructorResolver.java:650) ~[spring-beans-5.2.8.RELEASE.jar:5.2.8.RELEASE]
	... 22 common frames omitted
Caused by: org.springframework.cglib.core.CodeGenerationException: java.lang.IllegalAccessException-->module java.base does not open java.lang to unnamed module @47af7f3d
	at org.springframework.cglib.core.ReflectUtils.defineClass(ReflectUtils.java:558) ~[spring-core-5.2.8.RELEASE.jar:5.2.8.RELEASE]
	at org.springframework.cglib.core.AbstractClassGenerator.generate(AbstractClassGenerator.java:363) ~[spring-core-5.2.8.RELEASE.jar:5.2.8.RELEASE]
	at org.springframework.cglib.core.AbstractClassGenerator$ClassLoaderData$3.apply(AbstractClassGenerator.java:110) ~[spring-core-5.2.8.RELEASE.jar:5.2.8.RELEASE]
	at org.springframework.cglib.core.AbstractClassGenerator$ClassLoaderData$3.apply(AbstractClassGenerator.java:108) ~[spring-core-5.2.8.RELEASE.jar:5.2.8.RELEASE]
	at org.springframework.cglib.core.internal.LoadingCache$2.call(LoadingCache.java:54) ~[spring-core-5.2.8.RELEASE.jar:5.2.8.RELEASE]
	at java.base/java.util.concurrent.FutureTask.run(FutureTask.java:317) ~[na:na]
	at org.springframework.cglib.core.internal.LoadingCache.createEntry(LoadingCache.java:61) ~[spring-core-5.2.8.RELEASE.jar:5.2.8.RELEASE]
	at org.springframework.cglib.core.internal.LoadingCache.get(LoadingCache.java:34) ~[spring-core-5.2.8.RELEASE.jar:5.2.8.RELEASE]
	at org.springframework.cglib.core.AbstractClassGenerator$ClassLoaderData.get(AbstractClassGenerator.java:134) ~[spring-core-5.2.8.RELEASE.jar:5.2.8.RELEASE]
	at org.springframework.cglib.core.AbstractClassGenerator.create(AbstractClassGenerator.java:319) ~[spring-core-5.2.8.RELEASE.jar:5.2.8.RELEASE]
	at org.springframework.cglib.reflect.FastClass$Generator.create(FastClass.java:65) ~[spring-core-5.2.8.RELEASE.jar:5.2.8.RELEASE]
	at org.springframework.cglib.proxy.MethodProxy.helper(MethodProxy.java:135) ~[spring-core-5.2.8.RELEASE.jar:5.2.8.RELEASE]
	at org.springframework.cglib.proxy.MethodProxy.init(MethodProxy.java:76) ~[spring-core-5.2.8.RELEASE.jar:5.2.8.RELEASE]
	at org.springframework.cglib.proxy.MethodProxy.invoke(MethodProxy.java:216) ~[spring-core-5.2.8.RELEASE.jar:5.2.8.RELEASE]
	at org.springframework.aop.framework.CglibAopProxy$DynamicAdvisedInterceptor.intercept(CglibAopProxy.java:687) ~[spring-aop-5.2.8.RELEASE.jar:5.2.8.RELEASE]
	at org.springframework.security.web.authentication.UsernamePasswordAuthenticationFilter$$EnhancerBySpringCGLIB$$ab794473.toString(<generated>) ~[spring-security-web-5.3.4.RELEASE.jar:5.3.4.RELEASE]
	at java.base/java.lang.String.valueOf(String.java:4225) ~[na:na]
	at java.base/java.lang.StringBuilder.append(StringBuilder.java:173) ~[na:na]
	at java.base/java.util.AbstractCollection.toString(AbstractCollection.java:459) ~[na:na]
	at java.base/java.lang.String.valueOf(String.java:4225) ~[na:na]
	at java.base/java.lang.StringBuilder.append(StringBuilder.java:173) ~[na:na]
	at org.springframework.security.web.DefaultSecurityFilterChain.<init>(DefaultSecurityFilterChain.java:43) ~[spring-security-web-5.3.4.RELEASE.jar:5.3.4.RELEASE]
	at org.springframework.security.config.annotation.web.builders.HttpSecurity.performBuild(HttpSecurity.java:2536) ~[spring-security-config-5.3.4.RELEASE.jar:5.3.4.RELEASE]
	at org.springframework.security.config.annotation.web.builders.HttpSecurity.performBuild(HttpSecurity.java:123) ~[spring-security-config-5.3.4.RELEASE.jar:5.3.4.RELEASE]
	at org.springframework.security.config.annotation.AbstractConfiguredSecurityBuilder.doBuild(AbstractConfiguredSecurityBuilder.java:333) ~[spring-security-config-5.3.4.RELEASE.jar:5.3.4.RELEASE]
	at org.springframework.security.config.annotation.AbstractSecurityBuilder.build(AbstractSecurityBuilder.java:41) ~[spring-security-config-5.3.4.RELEASE.jar:5.3.4.RELEASE]
	at org.springframework.security.config.annotation.web.builders.WebSecurity.performBuild(WebSecurity.java:294) ~[spring-security-config-5.3.4.RELEASE.jar:5.3.4.RELEASE]
	at org.springframework.security.config.annotation.web.builders.WebSecurity.performBuild(WebSecurity.java:81) ~[spring-security-config-5.3.4.RELEASE.jar:5.3.4.RELEASE]
	at org.springframework.security.config.annotation.AbstractConfiguredSecurityBuilder.doBuild(AbstractConfiguredSecurityBuilder.java:333) ~[spring-security-config-5.3.4.RELEASE.jar:5.3.4.RELEASE]
	at org.springframework.security.config.annotation.AbstractSecurityBuilder.build(AbstractSecurityBuilder.java:41) ~[spring-security-config-5.3.4.RELEASE.jar:5.3.4.RELEASE]
	at org.springframework.security.config.annotation.web.configuration.WebSecurityConfiguration.springSecurityFilterChain(WebSecurityConfiguration.java:104) ~[spring-security-config-5.3.4.RELEASE.jar:5.3.4.RELEASE]
	at java.base/jdk.internal.reflect.DirectMethodHandleAccessor.invoke(DirectMethodHandleAccessor.java:104) ~[na:na]
	at java.base/java.lang.reflect.Method.invoke(Method.java:578) ~[na:na]
	at org.springframework.beans.factory.support.SimpleInstantiationStrategy.instantiate(SimpleInstantiationStrategy.java:154) ~[spring-beans-5.2.8.RELEASE.jar:5.2.8.RELEASE]
	... 23 common frames omitted
Caused by: java.lang.IllegalAccessException: module java.base does not open java.lang to unnamed module @47af7f3d
	at java.base/java.lang.invoke.MethodHandles.privateLookupIn(MethodHandles.java:279) ~[na:na]
	at java.base/jdk.internal.reflect.DirectMethodHandleAccessor.invoke(DirectMethodHandleAccessor.java:104) ~[na:na]
	at java.base/java.lang.reflect.Method.invoke(Method.java:578) ~[na:na]
	at org.springframework.cglib.core.ReflectUtils.defineClass(ReflectUtils.java:554) ~[spring-core-5.2.8.RELEASE.jar:5.2.8.RELEASE]
	... 56 common frames omitted

